#
# A fatal error has been detected by the Java Runtime Environment:
#
#  Internal Error (assembler_x86.cpp:1094), pid=5304, tid=4976
#  Error: ShouldNotReachHere()
#
# JRE version: OpenJDK Runtime Environment Temurin-17.0.6+10 (17.0.6+10) (build 17.0.6+10)
# Java VM: OpenJDK 64-Bit Server VM Temurin-17.0.6+10 (17.0.6+10, mixed mode, tiered, compressed oops, compressed class ptrs, g1 gc, windows-amd64)
# No core dump will be written. Minidumps are not enabled by default on client versions of Windows
#
# If you would like to submit a bug report, please visit:
#   https://github.com/adoptium/adoptium-support/issues
#

---------------  S U M M A R Y ------------

Command Line: -Dmaven.home=EMBEDDED -Dclassworlds.conf=C:\Mejse\Skole\Uni\6. semester\Softwareudvikling\Project\.metadata\.plugins\org.eclipse.m2e.launching\launches\m2conf7085656348782386101.tmp -Dmaven.multiModuleProjectDirectory=C:\Users\mejse\git\RoboRally2\Cucmber_Project -Dm2e.build.project.data.socket.port=52882 -Dfile.encoding=UTF-8 -XX:+ShowCodeDetailsInExceptionMessages org.codehaus.plexus.classworlds.launcher.Launcher -B -Dstyle.color=always test

Host: AMD Ryzen 7 4700U with Radeon Graphics         , 8 cores, 15G,  Windows 11 , 64 bit Build 22621 (10.0.22621.1344)
Time: Sun Apr  2 15:10:12 2023 Rom, sommertid elapsed time: 7.825578 seconds (0d 0h 0m 7s)

---------------  T H R E A D  ---------------

Current thread (0x000001eebc5289c0):  GCTaskThread "GC Thread#3" [stack: 0x000000e3df000000,0x000000e3df100000] [id=4976]

Stack: [0x000000e3df000000,0x000000e3df100000]
Native frames: (J=compiled Java code, j=interpreted, Vv=VM code, C=native code)
V  [jvm.dll+0x67741a]
V  [jvm.dll+0x834434]
V  [jvm.dll+0x835bde]
V  [jvm.dll+0x8361f7]
V  [jvm.dll+0x2456ec]
V  [jvm.dll+0x245633]
V  [jvm.dll+0xd14d4]
V  [jvm.dll+0x6c6e72]
V  [jvm.dll+0x22e486]
V  [jvm.dll+0x22f543]
V  [jvm.dll+0x64d118]
V  [jvm.dll+0x681f63]
V  [jvm.dll+0x307753]
V  [jvm.dll+0x8612eb]
V  [jvm.dll+0x861336]
V  [jvm.dll+0x7e483a]
V  [jvm.dll+0x6762c5]
C  [ucrtbase.dll+0x29363]
C  [KERNEL32.DLL+0x126bd]
C  [ntdll.dll+0x5a9f8]


---------------  P R O C E S S  ---------------

Threads class SMR info:
_java_thread_list=0x000001eebce368d0, length=16, elements={
0x000001ee99ab8310, 0x000001eebac59670, 0x000001eebac63190, 0x000001eebacad230,
0x000001eebacadbe0, 0x000001eebacaf5a0, 0x000001eebacbe830, 0x000001eebacc1520,
0x000001eebacc1fc0, 0x000001eebacc29b0, 0x000001eebae32b00, 0x000001eebae49020,
0x000001eebe795710, 0x000001eebdfdfb20, 0x000001eebe3c8910, 0x000001eebdef3370
}

Java Threads: ( => current thread )
  0x000001ee99ab8310 JavaThread "main" [_thread_blocked, id=15148, stack(0x000000e3dd900000,0x000000e3dda00000)]
  0x000001eebac59670 JavaThread "Reference Handler" daemon [_thread_blocked, id=9824, stack(0x000000e3de000000,0x000000e3de100000)]
  0x000001eebac63190 JavaThread "Finalizer" daemon [_thread_blocked, id=21048, stack(0x000000e3de100000,0x000000e3de200000)]
  0x000001eebacad230 JavaThread "Signal Dispatcher" daemon [_thread_blocked, id=11396, stack(0x000000e3de200000,0x000000e3de300000)]
  0x000001eebacadbe0 JavaThread "Attach Listener" daemon [_thread_blocked, id=19716, stack(0x000000e3de300000,0x000000e3de400000)]
  0x000001eebacaf5a0 JavaThread "Service Thread" daemon [_thread_blocked, id=8060, stack(0x000000e3de400000,0x000000e3de500000)]
  0x000001eebacbe830 JavaThread "Monitor Deflation Thread" daemon [_thread_blocked, id=12104, stack(0x000000e3de500000,0x000000e3de600000)]
  0x000001eebacc1520 JavaThread "C2 CompilerThread0" daemon [_thread_blocked, id=14916, stack(0x000000e3de600000,0x000000e3de700000)]
  0x000001eebacc1fc0 JavaThread "C1 CompilerThread0" daemon [_thread_blocked, id=22388, stack(0x000000e3de700000,0x000000e3de800000)]
  0x000001eebacc29b0 JavaThread "Sweeper thread" daemon [_thread_blocked, id=2696, stack(0x000000e3de800000,0x000000e3de900000)]
  0x000001eebae32b00 JavaThread "Notification Thread" daemon [_thread_blocked, id=20016, stack(0x000000e3de900000,0x000000e3dea00000)]
  0x000001eebae49020 JavaThread "Common-Cleaner" daemon [_thread_blocked, id=21460, stack(0x000000e3deb00000,0x000000e3dec00000)]
  0x000001eebe795710 JavaThread "resolver-1" daemon [_thread_blocked, id=16400, stack(0x000000e3df600000,0x000000e3df700000)]
  0x000001eebdfdfb20 JavaThread "resolver-2" daemon [_thread_blocked, id=14360, stack(0x000000e3df700000,0x000000e3df800000)]
  0x000001eebe3c8910 JavaThread "resolver-3" daemon [_thread_blocked, id=19940, stack(0x000000e3df800000,0x000000e3df900000)]
  0x000001eebdef3370 JavaThread "resolver-4" daemon [_thread_blocked, id=18180, stack(0x000000e3df900000,0x000000e3dfa00000)]

Other Threads:
  0x000001eebac84330 VMThread "VM Thread" [stack: 0x000000e3ddf00000,0x000000e3de000000] [id=10912]
  0x000001eebae32fd0 WatcherThread [stack: 0x000000e3dea00000,0x000000e3deb00000] [id=6468]
  0x000001ee99b23170 GCTaskThread "GC Thread#0" [stack: 0x000000e3dda00000,0x000000e3ddb00000] [id=3788]
  0x000001eebc28fbf0 GCTaskThread "GC Thread#1" [stack: 0x000000e3dee00000,0x000000e3def00000] [id=3616]
  0x000001eebc28fea0 GCTaskThread "GC Thread#2" [stack: 0x000000e3def00000,0x000000e3df000000] [id=2648]
=>0x000001eebc5289c0 GCTaskThread "GC Thread#3" [stack: 0x000000e3df000000,0x000000e3df100000] [id=4976]
  0x000001eebc528c70 GCTaskThread "GC Thread#4" [stack: 0x000000e3df100000,0x000000e3df200000] [id=22000]
  0x000001eebc747c30 GCTaskThread "GC Thread#5" [stack: 0x000000e3df200000,0x000000e3df300000] [id=14352]
  0x000001eebb758490 GCTaskThread "GC Thread#6" [stack: 0x000000e3df300000,0x000000e3df400000] [id=14692]
  0x000001eebb758740 GCTaskThread "GC Thread#7" [stack: 0x000000e3df400000,0x000000e3df500000] [id=9208]
  0x000001ee99b33550 ConcurrentGCThread "G1 Main Marker" [stack: 0x000000e3ddb00000,0x000000e3ddc00000] [id=20132]
  0x000001ee99b345a0 ConcurrentGCThread "G1 Conc#0" [stack: 0x000000e3ddc00000,0x000000e3ddd00000] [id=14500]
  0x000001eebcb01d10 ConcurrentGCThread "G1 Conc#1" [stack: 0x000000e3ded00000,0x000000e3dee00000] [id=10520]
  0x000001eeb9956020 ConcurrentGCThread "G1 Refine#0" [stack: 0x000000e3ddd00000,0x000000e3dde00000] [id=5584]
  0x000001eeb99567e0 ConcurrentGCThread "G1 Service" [stack: 0x000000e3dde00000,0x000000e3ddf00000] [id=21464]

Threads with active compile tasks:
C2 CompilerThread0     7874 5348       4       org.fusesource.jansi.io.AnsiOutputStream::write (898 bytes)

VM state: at safepoint (normal execution)

VM Mutex/Monitor currently owned by a thread:  ([mutex/lock_event])
[0x000001ee99ab4c10] Threads_lock - owner thread: 0x000001eebac84330
[0x000001ee99ab4f70] Heap_lock - owner thread: 0x000001ee99b33550

Heap address: 0x000000070a000000, size: 3936 MB, Compressed Oops mode: Zero based, Oop shift amount: 3

CDS archive(s) not mapped
Compressed class space mapped at: 0x0000000800000000-0x0000000840000000, reserved size: 1073741824
Narrow klass base: 0x0000000800000000, Narrow klass shift: 0, Narrow klass range: 0x40000000

GC Precious Log:
 CPUs: 8 total, 8 available
 Memory: 15741M
 Large Page Support: Disabled
 NUMA Support: Disabled
 Compressed Oops: Enabled (Zero based)
 Heap Region Size: 2M
 Heap Min Capacity: 8M
 Heap Initial Capacity: 246M
 Heap Max Capacity: 3936M
 Pre-touch: Disabled
 Parallel Workers: 8
 Concurrent Workers: 2
 Concurrent Refinement Workers: 8
 Periodic GC: Disabled

Heap:
 garbage-first heap   total 147456K, used 16053K [0x000000070a000000, 0x0000000800000000)
  region size 2048K, 2 young (4096K), 1 survivors (2048K)
 Metaspace       used 35684K, committed 36032K, reserved 1081344K
  class space    used 3793K, committed 3968K, reserved 1048576K

Heap Regions: E=young(eden), S=young(survivor), O=old, HS=humongous(starts), HC=humongous(continues), CS=collection set, F=free, OA=open archive, CA=closed archive, TAMS=top-at-mark-start (previous, next)
|   0|0x000000070a000000, 0x000000070a200000, 0x000000070a200000|100%| O|  |TAMS 0x000000070a200000, 0x000000070a200000| Untracked 
|   1|0x000000070a200000, 0x000000070a400000, 0x000000070a400000|100%| O|  |TAMS 0x000000070a400000, 0x000000070a400000| Untracked 
|   2|0x000000070a400000, 0x000000070a600000, 0x000000070a600000|100%| O|  |TAMS 0x000000070a400000, 0x000000070a400000| Untracked 
|   3|0x000000070a600000, 0x000000070a800000, 0x000000070a800000|100%| O|  |TAMS 0x000000070a600000, 0x000000070a800000| Untracked 
|   4|0x000000070a800000, 0x000000070aa00000, 0x000000070aa00000|100%| O|  |TAMS 0x000000070a800000, 0x000000070aa00000| Untracked 
|   5|0x000000070aa00000, 0x000000070ac00000, 0x000000070ac00000|100%| O|  |TAMS 0x000000070aa00000, 0x000000070aa57200| Untracked 
|   6|0x000000070ac00000, 0x000000070ae00000, 0x000000070ae00000|100%| O|  |TAMS 0x000000070ac00000, 0x000000070ac00000| Untracked 
|   7|0x000000070ae00000, 0x000000070ae76e00, 0x000000070b000000| 23%| O|  |TAMS 0x000000070ae00000, 0x000000070ae00000| Untracked 
|   8|0x000000070b000000, 0x000000070b000000, 0x000000070b200000|  0%| F|  |TAMS 0x000000070b000000, 0x000000070b000000| Untracked 
|   9|0x000000070b200000, 0x000000070b200000, 0x000000070b400000|  0%| F|  |TAMS 0x000000070b200000, 0x000000070b200000| Untracked 
|  10|0x000000070b400000, 0x000000070b400000, 0x000000070b600000|  0%| F|  |TAMS 0x000000070b400000, 0x000000070b400000| Untracked 
|  11|0x000000070b600000, 0x000000070b600000, 0x000000070b800000|  0%| F|  |TAMS 0x000000070b600000, 0x000000070b600000| Untracked 
|  12|0x000000070b800000, 0x000000070b800000, 0x000000070ba00000|  0%| F|  |TAMS 0x000000070b800000, 0x000000070b800000| Untracked 
|  13|0x000000070ba00000, 0x000000070ba00000, 0x000000070bc00000|  0%| F|  |TAMS 0x000000070ba00000, 0x000000070ba00000| Untracked 
|  14|0x000000070bc00000, 0x000000070bc00000, 0x000000070be00000|  0%| F|  |TAMS 0x000000070bc00000, 0x000000070bc00000| Untracked 
|  15|0x000000070be00000, 0x000000070be00000, 0x000000070c000000|  0%| F|  |TAMS 0x000000070be00000, 0x000000070be00000| Untracked 
|  16|0x000000070c000000, 0x000000070c000000, 0x000000070c200000|  0%| F|  |TAMS 0x000000070c000000, 0x000000070c000000| Untracked 
|  17|0x000000070c200000, 0x000000070c200000, 0x000000070c400000|  0%| F|  |TAMS 0x000000070c200000, 0x000000070c200000| Untracked 
|  18|0x000000070c400000, 0x000000070c400000, 0x000000070c600000|  0%| F|  |TAMS 0x000000070c400000, 0x000000070c400000| Untracked 
|  19|0x000000070c600000, 0x000000070c600000, 0x000000070c800000|  0%| F|  |TAMS 0x000000070c600000, 0x000000070c600000| Untracked 
|  20|0x000000070c800000, 0x000000070c800000, 0x000000070ca00000|  0%| F|  |TAMS 0x000000070c800000, 0x000000070c800000| Untracked 
|  21|0x000000070ca00000, 0x000000070ca00000, 0x000000070cc00000|  0%| F|  |TAMS 0x000000070ca00000, 0x000000070ca00000| Untracked 
|  22|0x000000070cc00000, 0x000000070cc00000, 0x000000070ce00000|  0%| F|  |TAMS 0x000000070cc00000, 0x000000070cc00000| Untracked 
|  23|0x000000070ce00000, 0x000000070ce00000, 0x000000070d000000|  0%| F|  |TAMS 0x000000070ce00000, 0x000000070ce00000| Untracked 
|  24|0x000000070d000000, 0x000000070d000000, 0x000000070d200000|  0%| F|  |TAMS 0x000000070d000000, 0x000000070d000000| Untracked 
|  25|0x000000070d200000, 0x000000070d200000, 0x000000070d400000|  0%| F|  |TAMS 0x000000070d200000, 0x000000070d200000| Untracked 
|  26|0x000000070d400000, 0x000000070d400000, 0x000000070d600000|  0%| F|  |TAMS 0x000000070d400000, 0x000000070d400000| Untracked 
|  27|0x000000070d600000, 0x000000070d600000, 0x000000070d800000|  0%| F|  |TAMS 0x000000070d600000, 0x000000070d600000| Untracked 
|  28|0x000000070d800000, 0x000000070d800000, 0x000000070da00000|  0%| F|  |TAMS 0x000000070d800000, 0x000000070d800000| Untracked 
|  29|0x000000070da00000, 0x000000070da00000, 0x000000070dc00000|  0%| F|  |TAMS 0x000000070da00000, 0x000000070da00000| Untracked 
|  30|0x000000070dc00000, 0x000000070dc00000, 0x000000070de00000|  0%| F|  |TAMS 0x000000070dc00000, 0x000000070dc00000| Untracked 
|  31|0x000000070de00000, 0x000000070de00000, 0x000000070e000000|  0%| F|  |TAMS 0x000000070de00000, 0x000000070de00000| Untracked 
|  32|0x000000070e000000, 0x000000070e000000, 0x000000070e200000|  0%| F|  |TAMS 0x000000070e000000, 0x000000070e000000| Untracked 
|  33|0x000000070e200000, 0x000000070e200000, 0x000000070e400000|  0%| F|  |TAMS 0x000000070e200000, 0x000000070e200000| Untracked 
|  34|0x000000070e400000, 0x000000070e400000, 0x000000070e600000|  0%| F|  |TAMS 0x000000070e400000, 0x000000070e400000| Untracked 
|  35|0x000000070e600000, 0x000000070e600000, 0x000000070e800000|  0%| F|  |TAMS 0x000000070e600000, 0x000000070e600000| Untracked 
|  36|0x000000070e800000, 0x000000070e800000, 0x000000070ea00000|  0%| F|  |TAMS 0x000000070e800000, 0x000000070e800000| Untracked 
|  37|0x000000070ea00000, 0x000000070ea00000, 0x000000070ec00000|  0%| F|  |TAMS 0x000000070ea00000, 0x000000070ea00000| Untracked 
|  38|0x000000070ec00000, 0x000000070ec00000, 0x000000070ee00000|  0%| F|  |TAMS 0x000000070ec00000, 0x000000070ec00000| Untracked 
|  39|0x000000070ee00000, 0x000000070ee00000, 0x000000070f000000|  0%| F|  |TAMS 0x000000070ee00000, 0x000000070ee00000| Untracked 
|  40|0x000000070f000000, 0x000000070f000000, 0x000000070f200000|  0%| F|  |TAMS 0x000000070f000000, 0x000000070f000000| Untracked 
|  41|0x000000070f200000, 0x000000070f200000, 0x000000070f400000|  0%| F|  |TAMS 0x000000070f200000, 0x000000070f200000| Untracked 
|  42|0x000000070f400000, 0x000000070f400000, 0x000000070f600000|  0%| F|  |TAMS 0x000000070f400000, 0x000000070f400000| Untracked 
|  43|0x000000070f600000, 0x000000070f600000, 0x000000070f800000|  0%| F|  |TAMS 0x000000070f600000, 0x000000070f600000| Untracked 
|  44|0x000000070f800000, 0x000000070f800000, 0x000000070fa00000|  0%| F|  |TAMS 0x000000070f800000, 0x000000070f800000| Untracked 
|  45|0x000000070fa00000, 0x000000070fa00000, 0x000000070fc00000|  0%| F|  |TAMS 0x000000070fa00000, 0x000000070fa00000| Untracked 
|  46|0x000000070fc00000, 0x000000070fc00000, 0x000000070fe00000|  0%| F|  |TAMS 0x000000070fc00000, 0x000000070fc00000| Untracked 
|  47|0x000000070fe00000, 0x000000070fe00000, 0x0000000710000000|  0%| F|  |TAMS 0x000000070fe00000, 0x000000070fe00000| Untracked 
|  48|0x0000000710000000, 0x0000000710000000, 0x0000000710200000|  0%| F|  |TAMS 0x0000000710000000, 0x0000000710000000| Untracked 
|  49|0x0000000710200000, 0x0000000710200000, 0x0000000710400000|  0%| F|  |TAMS 0x0000000710200000, 0x0000000710200000| Untracked 
|  50|0x0000000710400000, 0x0000000710400000, 0x0000000710600000|  0%| F|  |TAMS 0x0000000710400000, 0x0000000710400000| Untracked 
|  51|0x0000000710600000, 0x0000000710600000, 0x0000000710800000|  0%| F|  |TAMS 0x0000000710600000, 0x0000000710600000| Untracked 
|  52|0x0000000710800000, 0x0000000710800000, 0x0000000710a00000|  0%| F|  |TAMS 0x0000000710800000, 0x0000000710800000| Untracked 
|  53|0x0000000710a00000, 0x0000000710a00000, 0x0000000710c00000|  0%| F|  |TAMS 0x0000000710a00000, 0x0000000710a00000| Untracked 
|  54|0x0000000710c00000, 0x0000000710c00000, 0x0000000710e00000|  0%| F|  |TAMS 0x0000000710c00000, 0x0000000710c00000| Untracked 
|  55|0x0000000710e00000, 0x0000000710e00000, 0x0000000711000000|  0%| F|  |TAMS 0x0000000710e00000, 0x0000000710e00000| Untracked 
|  56|0x0000000711000000, 0x0000000711000000, 0x0000000711200000|  0%| F|  |TAMS 0x0000000711000000, 0x0000000711000000| Untracked 
|  57|0x0000000711200000, 0x0000000711200000, 0x0000000711400000|  0%| F|  |TAMS 0x0000000711200000, 0x0000000711200000| Untracked 
|  58|0x0000000711400000, 0x0000000711400000, 0x0000000711600000|  0%| F|  |TAMS 0x0000000711400000, 0x0000000711400000| Untracked 
|  59|0x0000000711600000, 0x0000000711600000, 0x0000000711800000|  0%| F|  |TAMS 0x0000000711600000, 0x0000000711600000| Untracked 
|  60|0x0000000711800000, 0x0000000711800000, 0x0000000711a00000|  0%| F|  |TAMS 0x0000000711800000, 0x0000000711800000| Untracked 
|  61|0x0000000711a00000, 0x0000000711a00000, 0x0000000711c00000|  0%| F|  |TAMS 0x0000000711a00000, 0x0000000711a00000| Untracked 
|  62|0x0000000711c00000, 0x0000000711c00000, 0x0000000711e00000|  0%| F|  |TAMS 0x0000000711c00000, 0x0000000711c00000| Untracked 
|  63|0x0000000711e00000, 0x0000000711e00000, 0x0000000712000000|  0%| F|  |TAMS 0x0000000711e00000, 0x0000000711e00000| Untracked 
|  64|0x0000000712000000, 0x0000000712000000, 0x0000000712200000|  0%| F|  |TAMS 0x0000000712000000, 0x0000000712000000| Untracked 
|  65|0x0000000712200000, 0x0000000712200000, 0x0000000712400000|  0%| F|  |TAMS 0x0000000712200000, 0x0000000712200000| Untracked 
|  66|0x0000000712400000, 0x00000007125369f8, 0x0000000712600000| 60%| S|CS|TAMS 0x0000000712400000, 0x0000000712400000| Complete 
|  67|0x0000000712600000, 0x0000000712600000, 0x0000000712800000|  0%| F|  |TAMS 0x0000000712600000, 0x0000000712600000| Untracked 
|  68|0x0000000712800000, 0x0000000712800000, 0x0000000712a00000|  0%| F|  |TAMS 0x0000000712800000, 0x0000000712800000| Untracked 
| 112|0x0000000718000000, 0x0000000718000000, 0x0000000718200000|  0%| F|  |TAMS 0x0000000718000000, 0x0000000718000000| Untracked 
| 113|0x0000000718200000, 0x0000000718200000, 0x0000000718400000|  0%| F|  |TAMS 0x0000000718200000, 0x0000000718200000| Untracked 
| 122|0x0000000719400000, 0x0000000719500000, 0x0000000719600000| 50%| E|  |TAMS 0x0000000719400000, 0x0000000719400000| Complete 

Card table byte_map: [0x000001eeaeb90000,0x000001eeaf340000] _byte_map_base: 0x000001eeab340000

Marking Bits (Prev, Next): (CMBitMap*) 0x000001ee99b23660, (CMBitMap*) 0x000001ee99b23620
 Prev Bits: [0x000001eeb3870000, 0x000001eeb75f0000)
 Next Bits: [0x000001eeafaf0000, 0x000001eeb3870000)

Polling page: 0x000001ee991e0000

Metaspace:

Usage:
  Non-class:     31.14 MB used.
      Class:      3.70 MB used.
       Both:     34.85 MB used.

Virtual space:
  Non-class space:       32.00 MB reserved,      31.31 MB ( 98%) committed,  4 nodes.
      Class space:        1.00 GB reserved,       3.88 MB ( <1%) committed,  1 nodes.
             Both:        1.03 GB reserved,      35.19 MB (  3%) committed. 

Chunk freelists:
   Non-Class:  496.00 KB
       Class:  96.00 KB
        Both:  592.00 KB

MaxMetaspaceSize: unlimited
CompressedClassSpaceSize: 1.00 GB
Initial GC threshold: 21.00 MB
Current GC threshold: 35.44 MB
CDS: off
MetaspaceReclaimPolicy: balanced
 - commit_granule_bytes: 65536.
 - commit_granule_words: 8192.
 - virtual_space_node_default_size: 1048576.
 - enlarge_chunks_in_place: 1.
 - new_chunks_are_fully_committed: 0.
 - uncommit_free_chunks: 1.
 - use_allocation_guard: 0.
 - handle_deallocations: 1.


Internal statistics:

num_allocs_failed_limit: 6.
num_arena_births: 170.
num_arena_deaths: 0.
num_vsnodes_births: 5.
num_vsnodes_deaths: 0.
num_space_committed: 563.
num_space_uncommitted: 0.
num_chunks_returned_to_freelist: 6.
num_chunks_taken_from_freelist: 1100.
num_chunk_merges: 6.
num_chunk_splits: 764.
num_chunks_enlarged: 593.
num_purges: 0.
num_inconsistent_stats: 0.

CodeHeap 'non-profiled nmethods': size=120000Kb used=2726Kb max_used=2726Kb free=117273Kb
 bounds [0x000001eea6450000, 0x000001eea6700000, 0x000001eead980000]
CodeHeap 'profiled nmethods': size=120000Kb used=11024Kb max_used=11024Kb free=108975Kb
 bounds [0x000001ee9e980000, 0x000001ee9f450000, 0x000001eea5eb0000]
CodeHeap 'non-nmethods': size=5760Kb used=1216Kb max_used=1262Kb free=4543Kb
 bounds [0x000001eea5eb0000, 0x000001eea6120000, 0x000001eea6450000]
 total_blobs=5866 nmethods=5346 adapters=432
 compilation: enabled
              stopped_count=0, restarted_count=0
 full_count=0

Compilation events (20 events):
Event: 7.652 Thread 0x000001eebacc1fc0 5339       3       org.apache.maven.plugin.surefire.report.PrettyPrintXMLWriter::escapeXml (179 bytes)
Event: 7.653 Thread 0x000001eebacc1520 nmethod 5338 0x000001eea66f8390 code [0x000001eea66f8500, 0x000001eea66f8678]
Event: 7.654 Thread 0x000001eebacc1fc0 nmethod 5339 0x000001ee9f43f910 code [0x000001ee9f43fcc0, 0x000001ee9f441a58]
Event: 7.654 Thread 0x000001eebacc1fc0 5341       3       java.lang.StringUTF16::charAt (11 bytes)
Event: 7.654 Thread 0x000001eebacc1fc0 nmethod 5341 0x000001ee9f442390 code [0x000001ee9f442540, 0x000001ee9f442748]
Event: 7.654 Thread 0x000001eebacc1fc0 5340       1       org.apache.maven.plugin.surefire.report.plexus.util.xml.Xpp3Dom::getName (5 bytes)
Event: 7.654 Thread 0x000001eebacc1fc0 nmethod 5340 0x000001eea66f8710 code [0x000001eea66f88a0, 0x000001eea66f8978]
Event: 7.772 Thread 0x000001eebacc1520 5342       4       org.codehaus.plexus.classworlds.realm.ClassRealm::getImportClassLoader (47 bytes)
Event: 7.788 Thread 0x000001eebacc1520 nmethod 5342 0x000001eea66f8a10 code [0x000001eea66f8be0, 0x000001eea66f9448]
Event: 7.792 Thread 0x000001eebacc1fc0 5343       3       java.util.regex.Matcher::groupCount (10 bytes)
Event: 7.792 Thread 0x000001eebacc1fc0 nmethod 5343 0x000001ee9f442890 code [0x000001ee9f442a20, 0x000001ee9f442b38]
Event: 7.793 Thread 0x000001eebacc1fc0 5344       3       java.util.stream.StreamOpFlag::fromCharacteristics (37 bytes)
Event: 7.793 Thread 0x000001eebacc1fc0 nmethod 5344 0x000001ee9f442c10 code [0x000001ee9f442dc0, 0x000001ee9f4430f8]
Event: 7.793 Thread 0x000001eebacc1fc0 5347       3       java.lang.StringBuilder::toString (35 bytes)
Event: 7.793 Thread 0x000001eebacc1fc0 nmethod 5347 0x000001ee9f443210 code [0x000001ee9f4433e0, 0x000001ee9f4436b8]
Event: 7.793 Thread 0x000001eebacc1fc0 5345       3       java.util.stream.AbstractPipeline::<init> (55 bytes)
Event: 7.805 Thread 0x000001eebacc1fc0 nmethod 5345 0x000001ee9f443790 code [0x000001ee9f443940, 0x000001ee9f443c38]
Event: 7.805 Thread 0x000001eebacc1fc0 5346       3       java.util.Spliterator::getExactSizeIfKnown (25 bytes)
Event: 7.805 Thread 0x000001eebacc1fc0 nmethod 5346 0x000001ee9f443d10 code [0x000001ee9f443ec0, 0x000001ee9f4441b8]
Event: 7.811 Thread 0x000001eebacc1520 5348       4       org.fusesource.jansi.io.AnsiOutputStream::write (898 bytes)

GC Heap History (18 events):
Event: 1.105 GC heap before
{Heap before GC invocations=0 (full 0):
 garbage-first heap   total 251904K, used 22528K [0x000000070a000000, 0x0000000800000000)
  region size 2048K, 11 young (22528K), 0 survivors (0K)
 Metaspace       used 13953K, committed 14080K, reserved 1064960K
  class space    used 1310K, committed 1408K, reserved 1048576K
}
Event: 1.111 GC heap after
{Heap after GC invocations=1 (full 0):
 garbage-first heap   total 251904K, used 4667K [0x000000070a000000, 0x0000000800000000)
  region size 2048K, 2 young (4096K), 2 survivors (4096K)
 Metaspace       used 13953K, committed 14080K, reserved 1064960K
  class space    used 1310K, committed 1408K, reserved 1048576K
}
Event: 1.761 GC heap before
{Heap before GC invocations=1 (full 0):
 garbage-first heap   total 251904K, used 31291K [0x000000070a000000, 0x0000000800000000)
  region size 2048K, 15 young (30720K), 2 survivors (4096K)
 Metaspace       used 17631K, committed 17792K, reserved 1064960K
  class space    used 1774K, committed 1856K, reserved 1048576K
}
Event: 1.767 GC heap after
{Heap after GC invocations=2 (full 0):
 garbage-first heap   total 251904K, used 6279K [0x000000070a000000, 0x0000000800000000)
  region size 2048K, 1 young (2048K), 1 survivors (2048K)
 Metaspace       used 17631K, committed 17792K, reserved 1064960K
  class space    used 1774K, committed 1856K, reserved 1048576K
}
Event: 2.330 GC heap before
{Heap before GC invocations=2 (full 0):
 garbage-first heap   total 251904K, used 22663K [0x000000070a000000, 0x0000000800000000)
  region size 2048K, 10 young (20480K), 1 survivors (2048K)
 Metaspace       used 21427K, committed 21504K, reserved 1073152K
  class space    used 2253K, committed 2304K, reserved 1048576K
}
Event: 2.334 GC heap after
{Heap after GC invocations=3 (full 0):
 garbage-first heap   total 251904K, used 7363K [0x000000070a000000, 0x0000000800000000)
  region size 2048K, 2 young (4096K), 2 survivors (4096K)
 Metaspace       used 21427K, committed 21504K, reserved 1073152K
  class space    used 2253K, committed 2304K, reserved 1048576K
}
Event: 2.698 GC heap before
{Heap before GC invocations=4 (full 0):
 garbage-first heap   total 40960K, used 25795K [0x000000070a000000, 0x0000000800000000)
  region size 2048K, 12 young (24576K), 2 survivors (4096K)
 Metaspace       used 22872K, committed 22976K, reserved 1073152K
  class space    used 2380K, committed 2432K, reserved 1048576K
}
Event: 2.704 GC heap after
{Heap after GC invocations=5 (full 0):
 garbage-first heap   total 40960K, used 8853K [0x000000070a000000, 0x0000000800000000)
  region size 2048K, 2 young (4096K), 2 survivors (4096K)
 Metaspace       used 22872K, committed 22976K, reserved 1073152K
  class space    used 2380K, committed 2432K, reserved 1048576K
}
Event: 2.730 GC heap before
{Heap before GC invocations=5 (full 0):
 garbage-first heap   total 40960K, used 10901K [0x000000070a000000, 0x0000000800000000)
  region size 2048K, 3 young (6144K), 2 survivors (4096K)
 Metaspace       used 22890K, committed 23040K, reserved 1073152K
  class space    used 2380K, committed 2432K, reserved 1048576K
}
Event: 2.735 GC heap after
{Heap after GC invocations=6 (full 0):
 garbage-first heap   total 40960K, used 9081K [0x000000070a000000, 0x0000000800000000)
  region size 2048K, 1 young (2048K), 1 survivors (2048K)
 Metaspace       used 22890K, committed 23040K, reserved 1073152K
  class space    used 2380K, committed 2432K, reserved 1048576K
}
Event: 2.982 GC heap before
{Heap before GC invocations=6 (full 0):
 garbage-first heap   total 40960K, used 25465K [0x000000070a000000, 0x0000000800000000)
  region size 2048K, 9 young (18432K), 1 survivors (2048K)
 Metaspace       used 23573K, committed 23808K, reserved 1073152K
  class space    used 2452K, committed 2560K, reserved 1048576K
}
Event: 2.985 GC heap after
{Heap after GC invocations=7 (full 0):
 garbage-first heap   total 40960K, used 9589K [0x000000070a000000, 0x0000000800000000)
  region size 2048K, 1 young (2048K), 1 survivors (2048K)
 Metaspace       used 23573K, committed 23808K, reserved 1073152K
  class space    used 2452K, committed 2560K, reserved 1048576K
}
Event: 3.184 GC heap before
{Heap before GC invocations=7 (full 0):
 garbage-first heap   total 40960K, used 28021K [0x000000070a000000, 0x0000000800000000)
  region size 2048K, 10 young (20480K), 1 survivors (2048K)
 Metaspace       used 23844K, committed 24064K, reserved 1073152K
  class space    used 2456K, committed 2560K, reserved 1048576K
}
Event: 3.188 GC heap after
{Heap after GC invocations=8 (full 0):
 garbage-first heap   total 147456K, used 10390K [0x000000070a000000, 0x0000000800000000)
  region size 2048K, 1 young (2048K), 1 survivors (2048K)
 Metaspace       used 23844K, committed 24064K, reserved 1073152K
  class space    used 2456K, committed 2560K, reserved 1048576K
}
Event: 4.739 GC heap before
{Heap before GC invocations=8 (full 0):
 garbage-first heap   total 147456K, used 96406K [0x000000070a000000, 0x0000000800000000)
  region size 2048K, 43 young (88064K), 1 survivors (2048K)
 Metaspace       used 34825K, committed 35136K, reserved 1081344K
  class space    used 3711K, committed 3840K, reserved 1048576K
}
Event: 4.750 GC heap after
{Heap after GC invocations=9 (full 0):
 garbage-first heap   total 147456K, used 17344K [0x000000070a000000, 0x0000000800000000)
  region size 2048K, 5 young (10240K), 5 survivors (10240K)
 Metaspace       used 34825K, committed 35136K, reserved 1081344K
  class space    used 3711K, committed 3840K, reserved 1048576K
}
Event: 7.795 GC heap before
{Heap before GC invocations=9 (full 0):
 garbage-first heap   total 147456K, used 25536K [0x000000070a000000, 0x0000000800000000)
  region size 2048K, 10 young (20480K), 5 survivors (10240K)
 Metaspace       used 35673K, committed 35968K, reserved 1081344K
  class space    used 3792K, committed 3968K, reserved 1048576K
}
Event: 7.804 GC heap after
{Heap after GC invocations=10 (full 0):
 garbage-first heap   total 147456K, used 16053K [0x000000070a000000, 0x0000000800000000)
  region size 2048K, 1 young (2048K), 1 survivors (2048K)
 Metaspace       used 35673K, committed 35968K, reserved 1081344K
  class space    used 3792K, committed 3968K, reserved 1048576K
}

Dll operation events (7 events):
Event: 0.024 Loaded shared library C:\Users\mejse\eclipse-java-2022-12-R-win32-x86_64\eclipse\plugins\org.eclipse.justj.openjdk.hotspot.jre.full.win32.x86_64_17.0.6.v20230204-1729\jre\bin\java.dll
Event: 0.174 Loaded shared library C:\Users\mejse\eclipse-java-2022-12-R-win32-x86_64\eclipse\plugins\org.eclipse.justj.openjdk.hotspot.jre.full.win32.x86_64_17.0.6.v20230204-1729\jre\bin\net.dll
Event: 0.177 Loaded shared library C:\Users\mejse\eclipse-java-2022-12-R-win32-x86_64\eclipse\plugins\org.eclipse.justj.openjdk.hotspot.jre.full.win32.x86_64_17.0.6.v20230204-1729\jre\bin\nio.dll
Event: 0.188 Loaded shared library C:\Users\mejse\eclipse-java-2022-12-R-win32-x86_64\eclipse\plugins\org.eclipse.justj.openjdk.hotspot.jre.full.win32.x86_64_17.0.6.v20230204-1729\jre\bin\zip.dll
Event: 0.370 Loaded shared library C:\Users\mejse\eclipse-java-2022-12-R-win32-x86_64\eclipse\plugins\org.eclipse.justj.openjdk.hotspot.jre.full.win32.x86_64_17.0.6.v20230204-1729\jre\bin\jimage.dll
Event: 0.427 Loaded shared library C:\Users\mejse\AppData\Local\Temp\jansi-2.4.0-df0e63cf9e0717fc-jansi.dll
Event: 0.442 Loaded shared library C:\Users\mejse\eclipse-java-2022-12-R-win32-x86_64\eclipse\plugins\org.eclipse.justj.openjdk.hotspot.jre.full.win32.x86_64_17.0.6.v20230204-1729\jre\bin\verify.dll

Deoptimization events (20 events):
Event: 7.610 Thread 0x000001eebe7219a0 Uncommon trap: trap_request=0xffffff45 fr.pc=0x000001eea654ddf8 relative=0x00000000000003d8
Event: 7.611 Thread 0x000001eebe7219a0 Uncommon trap: reason=unstable_if action=reinterpret pc=0x000001eea654ddf8 method=java.lang.StringBuilder.toString()Ljava/lang/String; @ 4 c2
Event: 7.611 Thread 0x000001eebe7219a0 DEOPT PACKING pc=0x000001eea654ddf8 sp=0x000000e3dfaff050
Event: 7.611 Thread 0x000001eebe7219a0 DEOPT UNPACKING pc=0x000001eea5f069a3 sp=0x000000e3dfaff030 mode 2
Event: 7.611 Thread 0x000001eebe7219a0 Uncommon trap: trap_request=0xffffff45 fr.pc=0x000001eea6485da8 relative=0x00000000000004e8
Event: 7.611 Thread 0x000001eebe7219a0 Uncommon trap: reason=unstable_if action=reinterpret pc=0x000001eea6485da8 method=java.lang.AbstractStringBuilder.putStringAt(ILjava/lang/String;II)V @ 8 c2
Event: 7.611 Thread 0x000001eebe7219a0 DEOPT PACKING pc=0x000001eea6485da8 sp=0x000000e3dfafefd0
Event: 7.611 Thread 0x000001eebe7219a0 DEOPT UNPACKING pc=0x000001eea5f069a3 sp=0x000000e3dfafeec0 mode 2
Event: 7.611 Thread 0x000001eebe7219a0 Uncommon trap: trap_request=0xffffff45 fr.pc=0x000001eea6617b00 relative=0x0000000000000260
Event: 7.611 Thread 0x000001eebe7219a0 Uncommon trap: reason=unstable_if action=reinterpret pc=0x000001eea6617b00 method=java.lang.String.getChars(II[CI)V @ 23 c2
Event: 7.611 Thread 0x000001eebe7219a0 DEOPT PACKING pc=0x000001eea6617b00 sp=0x000000e3dfafed60
Event: 7.611 Thread 0x000001eebe7219a0 DEOPT UNPACKING pc=0x000001eea5f069a3 sp=0x000000e3dfafed20 mode 2
Event: 7.634 Thread 0x000001eebe7219a0 Uncommon trap: trap_request=0xffffff45 fr.pc=0x000001eea65668d4 relative=0x00000000000001d4
Event: 7.634 Thread 0x000001eebe7219a0 Uncommon trap: reason=unstable_if action=reinterpret pc=0x000001eea65668d4 method=java.lang.String.indexOf(Ljava/lang/String;)I @ 10 c2
Event: 7.634 Thread 0x000001eebe7219a0 DEOPT PACKING pc=0x000001eea65668d4 sp=0x000000e3dfafefd0
Event: 7.634 Thread 0x000001eebe7219a0 DEOPT UNPACKING pc=0x000001eea5f069a3 sp=0x000000e3dfafef60 mode 2
Event: 7.634 Thread 0x000001eebe7219a0 Uncommon trap: trap_request=0xffffff45 fr.pc=0x000001eea647c248 relative=0x00000000000004a8
Event: 7.634 Thread 0x000001eebe7219a0 Uncommon trap: reason=unstable_if action=reinterpret pc=0x000001eea647c248 method=java.lang.String.substring(II)Ljava/lang/String; @ 31 c2
Event: 7.634 Thread 0x000001eebe7219a0 DEOPT PACKING pc=0x000001eea647c248 sp=0x000000e3dfafefe0
Event: 7.634 Thread 0x000001eebe7219a0 DEOPT UNPACKING pc=0x000001eea5f069a3 sp=0x000000e3dfafefb0 mode 2

Classes unloaded (0 events):
No events

Classes redefined (0 events):
No events

Internal exceptions (20 events):
Event: 4.488 Thread 0x000001ee99ab8310 Exception <a 'sun/nio/fs/WindowsException'{0x000000070eeb34e8}> (0x000000070eeb34e8) 
thrown [s\src\hotspot\share\prims\jni.cpp, line 516]
Event: 4.488 Thread 0x000001ee99ab8310 Exception <a 'sun/nio/fs/WindowsException'{0x000000070eec6220}> (0x000000070eec6220) 
thrown [s\src\hotspot\share\prims\jni.cpp, line 516]
Event: 4.488 Thread 0x000001ee99ab8310 Exception <a 'sun/nio/fs/WindowsException'{0x000000070eec6520}> (0x000000070eec6520) 
thrown [s\src\hotspot\share\prims\jni.cpp, line 516]
Event: 4.492 Thread 0x000001ee99ab8310 Exception <a 'sun/nio/fs/WindowsException'{0x000000070ef31908}> (0x000000070ef31908) 
thrown [s\src\hotspot\share\prims\jni.cpp, line 516]
Event: 4.492 Thread 0x000001ee99ab8310 Exception <a 'sun/nio/fs/WindowsException'{0x000000070ef31bf8}> (0x000000070ef31bf8) 
thrown [s\src\hotspot\share\prims\jni.cpp, line 516]
Event: 4.493 Thread 0x000001ee99ab8310 Exception <a 'sun/nio/fs/WindowsException'{0x000000070ef32a90}> (0x000000070ef32a90) 
thrown [s\src\hotspot\share\prims\jni.cpp, line 516]
Event: 4.493 Thread 0x000001ee99ab8310 Exception <a 'sun/nio/fs/WindowsException'{0x000000070ef32d60}> (0x000000070ef32d60) 
thrown [s\src\hotspot\share\prims\jni.cpp, line 516]
Event: 4.493 Thread 0x000001ee99ab8310 Exception <a 'sun/nio/fs/WindowsException'{0x000000070ef33ba8}> (0x000000070ef33ba8) 
thrown [s\src\hotspot\share\prims\jni.cpp, line 516]
Event: 4.493 Thread 0x000001ee99ab8310 Exception <a 'sun/nio/fs/WindowsException'{0x000000070ef33e28}> (0x000000070ef33e28) 
thrown [s\src\hotspot\share\prims\jni.cpp, line 516]
Event: 4.493 Thread 0x000001ee99ab8310 Exception <a 'sun/nio/fs/WindowsException'{0x000000070ef34e70}> (0x000000070ef34e70) 
thrown [s\src\hotspot\share\prims\jni.cpp, line 516]
Event: 4.493 Thread 0x000001ee99ab8310 Exception <a 'sun/nio/fs/WindowsException'{0x000000070ef35138}> (0x000000070ef35138) 
thrown [s\src\hotspot\share\prims\jni.cpp, line 516]
Event: 4.512 Thread 0x000001ee99ab8310 Exception <a 'sun/nio/fs/WindowsException'{0x000000070efc0488}> (0x000000070efc0488) 
thrown [s\src\hotspot\share\prims\jni.cpp, line 516]
Event: 4.519 Thread 0x000001ee99ab8310 Exception <a 'sun/nio/fs/WindowsException'{0x000000070efc94e8}> (0x000000070efc94e8) 
thrown [s\src\hotspot\share\prims\jni.cpp, line 516]
Event: 4.753 Thread 0x000001eebac63190 Implicit null exception at 0x000001eea65f5c12 to 0x000001eea65f5cec
Event: 4.831 Thread 0x000001ee99ab8310 Exception <a 'java/lang/NoSuchMethodError'{0x00000007180ea408}: 'java.lang.Object java.lang.invoke.DirectMethodHandle$Holder.invokeStaticInit(java.lang.Object, java.lang.Object, int, int, int, int)'> (0x00000007180ea408) 
thrown [s\src\hotspot\share\interpreter\linkResolver.cpp, line 759]
Event: 4.900 Thread 0x000001ee99ab8310 Exception <a 'java/lang/NoSuchMethodError'{0x00000007181ec1f0}: 'void java.lang.invoke.DirectMethodHandle$Holder.invokeStatic(java.lang.Object, long)'> (0x00000007181ec1f0) 
thrown [s\src\hotspot\share\interpreter\linkResolver.cpp, line 759]
Event: 4.900 Thread 0x000001ee99ab8310 Exception <a 'java/lang/NoSuchMethodError'{0x00000007181f1840}: 'java.lang.Object java.lang.invoke.DirectMethodHandle$Holder.newInvokeSpecial(java.lang.Object, long)'> (0x00000007181f1840) 
thrown [s\src\hotspot\share\interpreter\linkResolver.cpp, line 759]
Event: 4.903 Thread 0x000001ee99ab8310 Exception <a 'java/lang/NoSuchMethodError'{0x00000007181fc178}: 'java.lang.Object java.lang.invoke.DirectMethodHandle$Holder.invokeStaticInit(java.lang.Object, java.lang.Object, long, java.lang.Object)'> (0x00000007181fc178) 
thrown [s\src\hotspot\share\interpreter\linkResolver.cpp, line 759]
Event: 4.904 Thread 0x000001ee99ab8310 Exception <a 'java/lang/NoSuchMethodError'{0x0000000712803230}: 'java.lang.Object java.lang.invoke.DirectMethodHandle$Holder.newInvokeSpecial(java.lang.Object, java.lang.Object, long)'> (0x0000000712803230) 
thrown [s\src\hotspot\share\interpreter\linkResolver.cpp, line 759]
Event: 4.904 Thread 0x000001ee99ab8310 Exception <a 'java/lang/NoSuchMethodError'{0x0000000712806da0}: 'java.lang.Object java.lang.invoke.Invokers$Holder.linkToTargetMethod(java.lang.Object, long, java.lang.Object)'> (0x0000000712806da0) 
thrown [s\src\hotspot\share\interpreter\linkResolver.cpp, line 759]

VM Operations (20 events):
Event: 4.202 Executing VM operation: ICBufferFull done
Event: 4.348 Executing VM operation: HandshakeAllThreads
Event: 4.348 Executing VM operation: HandshakeAllThreads done
Event: 4.434 Executing VM operation: HandshakeAllThreads
Event: 4.434 Executing VM operation: HandshakeAllThreads done
Event: 4.467 Executing VM operation: HandshakeAllThreads
Event: 4.467 Executing VM operation: HandshakeAllThreads done
Event: 4.486 Executing VM operation: ICBufferFull
Event: 4.486 Executing VM operation: ICBufferFull done
Event: 4.738 Executing VM operation: G1CollectForAllocation
Event: 4.751 Executing VM operation: G1CollectForAllocation done
Event: 4.906 Executing VM operation: HandshakeAllThreads
Event: 4.906 Executing VM operation: HandshakeAllThreads done
Event: 4.909 Executing VM operation: HandshakeAllThreads
Event: 4.909 Executing VM operation: HandshakeAllThreads done
Event: 5.918 Executing VM operation: Cleanup
Event: 5.918 Executing VM operation: Cleanup done
Event: 7.794 Executing VM operation: CollectForMetadataAllocation
Event: 7.805 Executing VM operation: CollectForMetadataAllocation done
Event: 7.819 Executing VM operation: G1Concurrent

Events (20 events):
Event: 4.905 loading class java/lang/ProcessImpl$2 done
Event: 4.905 loading class java/lang/Process$PipeInputStream
Event: 4.905 loading class java/lang/Process$PipeInputStream done
Event: 4.906 loading class jdk/internal/event/ProcessStartEvent
Event: 4.906 loading class jdk/internal/event/ProcessStartEvent done
Event: 4.907 Thread 0x000001eebe71ee50 Thread added: 0x000001eebe71ee50
Event: 4.907 Thread 0x000001eebe720b30 Thread added: 0x000001eebe720b30
Event: 4.908 loading class java/security/AccessControlException
Event: 4.908 loading class java/security/AccessControlException done
Event: 5.302 Thread 0x000001eebdd4c7b0 Thread exited: 0x000001eebdd4c7b0
Event: 5.302 Thread 0x000001eebb02c070 Thread exited: 0x000001eebb02c070
Event: 7.606 loading class java/text/DecimalFormat$FastPathData
Event: 7.607 loading class java/text/DecimalFormat$FastPathData done
Event: 7.607 loading class java/text/DecimalFormat$DigitArrays
Event: 7.608 loading class java/text/DecimalFormat$DigitArrays done
Event: 7.702 Thread 0x000001eebe71ee50 Thread exited: 0x000001eebe71ee50
Event: 7.702 Thread 0x000001eebe720b30 Thread exited: 0x000001eebe720b30
Event: 7.770 Thread 0x000001eebe7219a0 Thread exited: 0x000001eebe7219a0
Event: 7.791 loading class java/lang/IllegalAccessError
Event: 7.791 loading class java/lang/IllegalAccessError done


Dynamic libraries:
0x00007ff792860000 - 0x00007ff79286e000 	C:\Users\mejse\eclipse-java-2022-12-R-win32-x86_64\eclipse\plugins\org.eclipse.justj.openjdk.hotspot.jre.full.win32.x86_64_17.0.6.v20230204-1729\jre\bin\javaw.exe
0x00007ffb7ccf0000 - 0x00007ffb7cf04000 	C:\WINDOWS\SYSTEM32\ntdll.dll
0x00007ffb7b6b0000 - 0x00007ffb7b773000 	C:\WINDOWS\System32\KERNEL32.DLL
0x00007ffb7a760000 - 0x00007ffb7aafc000 	C:\WINDOWS\System32\KERNELBASE.dll
0x00007ffb3e3d0000 - 0x00007ffb3e49f000 	C:\Program Files\Bitdefender\Bitdefender Security\bdhkm\dlls_266444364523670059\bdhkm64.dll
0x00007ffb3c020000 - 0x00007ffb3c15c000 	C:\Program Files\Bitdefender\Bitdefender Security\atcuf\dlls_266427235632449248\atcuf64.dll
0x00007ffb7a430000 - 0x00007ffb7a541000 	C:\WINDOWS\System32\ucrtbase.dll
0x00007ffb60720000 - 0x00007ffb60737000 	C:\Users\mejse\eclipse-java-2022-12-R-win32-x86_64\eclipse\plugins\org.eclipse.justj.openjdk.hotspot.jre.full.win32.x86_64_17.0.6.v20230204-1729\jre\bin\jli.dll
0x00007ffb7bd50000 - 0x00007ffb7befd000 	C:\WINDOWS\System32\USER32.dll
0x00007ffb7a730000 - 0x00007ffb7a756000 	C:\WINDOWS\System32\win32u.dll
0x00007ffb7ba60000 - 0x00007ffb7ba89000 	C:\WINDOWS\System32\GDI32.dll
0x00007ffb7a270000 - 0x00007ffb7a383000 	C:\WINDOWS\System32\gdi32full.dll
0x00007ffb7a390000 - 0x00007ffb7a42a000 	C:\WINDOWS\System32\msvcp_win.dll
0x00007ffb5d640000 - 0x00007ffb5d659000 	C:\Users\mejse\eclipse-java-2022-12-R-win32-x86_64\eclipse\plugins\org.eclipse.justj.openjdk.hotspot.jre.full.win32.x86_64_17.0.6.v20230204-1729\jre\bin\VCRUNTIME140.dll
0x00007ffb57070000 - 0x00007ffb572fe000 	C:\WINDOWS\WinSxS\amd64_microsoft.windows.common-controls_6595b64144ccf1df_6.0.22621.608_none_a9444ca7c10bb01d\COMCTL32.dll
0x00007ffb7b530000 - 0x00007ffb7b5d7000 	C:\WINDOWS\System32\msvcrt.dll
0x00007ffb7b780000 - 0x00007ffb7b7b1000 	C:\WINDOWS\System32\IMM32.DLL
0x00007ffb73a10000 - 0x00007ffb73a1c000 	C:\Users\mejse\eclipse-java-2022-12-R-win32-x86_64\eclipse\plugins\org.eclipse.justj.openjdk.hotspot.jre.full.win32.x86_64_17.0.6.v20230204-1729\jre\bin\vcruntime140_1.dll
0x00007ffb5cbb0000 - 0x00007ffb5cc41000 	C:\Users\mejse\eclipse-java-2022-12-R-win32-x86_64\eclipse\plugins\org.eclipse.justj.openjdk.hotspot.jre.full.win32.x86_64_17.0.6.v20230204-1729\jre\bin\msvcp140.dll
0x00007ffb25230000 - 0x00007ffb25e77000 	C:\Users\mejse\eclipse-java-2022-12-R-win32-x86_64\eclipse\plugins\org.eclipse.justj.openjdk.hotspot.jre.full.win32.x86_64_17.0.6.v20230204-1729\jre\bin\server\jvm.dll
0x00007ffb7b2a0000 - 0x00007ffb7b34e000 	C:\WINDOWS\System32\ADVAPI32.dll
0x00007ffb7b470000 - 0x00007ffb7b514000 	C:\WINDOWS\System32\sechost.dll
0x00007ffb7cb80000 - 0x00007ffb7cc95000 	C:\WINDOWS\System32\RPCRT4.dll
0x00007ffb55050000 - 0x00007ffb55059000 	C:\WINDOWS\SYSTEM32\WSOCK32.dll
0x00007ffb7b850000 - 0x00007ffb7b8c1000 	C:\WINDOWS\System32\WS2_32.dll
0x00007ffb71230000 - 0x00007ffb71264000 	C:\WINDOWS\SYSTEM32\WINMM.dll
0x00007ffb70720000 - 0x00007ffb7072a000 	C:\WINDOWS\SYSTEM32\VERSION.dll
0x00007ffb79180000 - 0x00007ffb79198000 	C:\WINDOWS\SYSTEM32\kernel.appcore.dll
0x00007ffb73a20000 - 0x00007ffb73a2a000 	C:\Users\mejse\eclipse-java-2022-12-R-win32-x86_64\eclipse\plugins\org.eclipse.justj.openjdk.hotspot.jre.full.win32.x86_64_17.0.6.v20230204-1729\jre\bin\jimage.dll
0x00007ffb77bd0000 - 0x00007ffb77dfe000 	C:\WINDOWS\SYSTEM32\DBGHELP.DLL
0x00007ffb7bf00000 - 0x00007ffb7c289000 	C:\WINDOWS\System32\combase.dll
0x00007ffb7b000000 - 0x00007ffb7b0d7000 	C:\WINDOWS\System32\OLEAUT32.dll
0x00007ffb56760000 - 0x00007ffb56792000 	C:\WINDOWS\SYSTEM32\dbgcore.DLL
0x00007ffb7a130000 - 0x00007ffb7a1ab000 	C:\WINDOWS\System32\bcryptPrimitives.dll
0x00007ffb5e9d0000 - 0x00007ffb5e9f5000 	C:\Users\mejse\eclipse-java-2022-12-R-win32-x86_64\eclipse\plugins\org.eclipse.justj.openjdk.hotspot.jre.full.win32.x86_64_17.0.6.v20230204-1729\jre\bin\java.dll
0x00007ffb61a00000 - 0x00007ffb61a18000 	C:\Users\mejse\eclipse-java-2022-12-R-win32-x86_64\eclipse\plugins\org.eclipse.justj.openjdk.hotspot.jre.full.win32.x86_64_17.0.6.v20230204-1729\jre\bin\zip.dll
0x00007ffb7c290000 - 0x00007ffb7ca80000 	C:\WINDOWS\System32\SHELL32.dll
0x00007ffb78140000 - 0x00007ffb78a0e000 	C:\WINDOWS\SYSTEM32\windows.storage.dll
0x00007ffb78000000 - 0x00007ffb7813e000 	C:\WINDOWS\SYSTEM32\wintypes.dll
0x00007ffb7bc50000 - 0x00007ffb7bd41000 	C:\WINDOWS\System32\SHCORE.dll
0x00007ffb7b950000 - 0x00007ffb7b9ae000 	C:\WINDOWS\System32\shlwapi.dll
0x00007ffb7a060000 - 0x00007ffb7a081000 	C:\WINDOWS\SYSTEM32\profapi.dll
0x00007ffb605e0000 - 0x00007ffb605f9000 	C:\Users\mejse\eclipse-java-2022-12-R-win32-x86_64\eclipse\plugins\org.eclipse.justj.openjdk.hotspot.jre.full.win32.x86_64_17.0.6.v20230204-1729\jre\bin\net.dll
0x00007ffb73650000 - 0x00007ffb7377f000 	C:\WINDOWS\SYSTEM32\WINHTTP.dll
0x00007ffb79660000 - 0x00007ffb796c9000 	C:\WINDOWS\system32\mswsock.dll
0x00007ffb5d5a0000 - 0x00007ffb5d5b5000 	C:\Users\mejse\eclipse-java-2022-12-R-win32-x86_64\eclipse\plugins\org.eclipse.justj.openjdk.hotspot.jre.full.win32.x86_64_17.0.6.v20230204-1729\jre\bin\nio.dll
0x0000000069ac0000 - 0x0000000069ae4000 	C:\Users\mejse\AppData\Local\Temp\jansi-2.4.0-df0e63cf9e0717fc-jansi.dll
0x00007ffb61e50000 - 0x00007ffb61e60000 	C:\Users\mejse\eclipse-java-2022-12-R-win32-x86_64\eclipse\plugins\org.eclipse.justj.openjdk.hotspot.jre.full.win32.x86_64_17.0.6.v20230204-1729\jre\bin\verify.dll
0x00007ffb78c60000 - 0x00007ffb78c8d000 	C:\WINDOWS\SYSTEM32\IPHLPAPI.DLL
0x00007ffb7bc30000 - 0x00007ffb7bc39000 	C:\WINDOWS\System32\NSI.dll
0x00007ffb70ac0000 - 0x00007ffb70ad9000 	C:\WINDOWS\SYSTEM32\dhcpcsvc6.DLL
0x00007ffb70a30000 - 0x00007ffb70a4f000 	C:\WINDOWS\SYSTEM32\dhcpcsvc.DLL
0x00007ffb78cd0000 - 0x00007ffb78dc3000 	C:\WINDOWS\SYSTEM32\DNSAPI.dll
0x00007ffb798c0000 - 0x00007ffb798db000 	C:\WINDOWS\SYSTEM32\CRYPTSP.dll
0x00007ffb790f0000 - 0x00007ffb79125000 	C:\WINDOWS\system32\rsaenh.dll
0x00007ffb79760000 - 0x00007ffb79788000 	C:\WINDOWS\SYSTEM32\USERENV.dll
0x00007ffb79ab0000 - 0x00007ffb79ad8000 	C:\WINDOWS\SYSTEM32\bcrypt.dll
0x00007ffb798e0000 - 0x00007ffb798ec000 	C:\WINDOWS\SYSTEM32\CRYPTBASE.dll

dbghelp: loaded successfully - version: 4.0.5 - missing functions: none
symbol engine: initialized successfully - sym options: 0x614 - pdb path: .;C:\Users\mejse\eclipse-java-2022-12-R-win32-x86_64\eclipse\plugins\org.eclipse.justj.openjdk.hotspot.jre.full.win32.x86_64_17.0.6.v20230204-1729\jre\bin;C:\WINDOWS\SYSTEM32;C:\Program Files\Bitdefender\Bitdefender Security\bdhkm\dlls_266444364523670059;C:\Program Files\Bitdefender\Bitdefender Security\atcuf\dlls_266427235632449248;C:\WINDOWS\WinSxS\amd64_microsoft.windows.common-controls_6595b64144ccf1df_6.0.22621.608_none_a9444ca7c10bb01d;C:\Users\mejse\eclipse-java-2022-12-R-win32-x86_64\eclipse\plugins\org.eclipse.justj.openjdk.hotspot.jre.full.win32.x86_64_17.0.6.v20230204-1729\jre\bin\server;C:\Users\mejse\AppData\Local\Temp

VM Arguments:
jvm_args: -Dmaven.home=EMBEDDED -Dclassworlds.conf=C:\Mejse\Skole\Uni\6. semester\Softwareudvikling\Project\.metadata\.plugins\org.eclipse.m2e.launching\launches\m2conf7085656348782386101.tmp -Dmaven.multiModuleProjectDirectory=C:\Users\mejse\git\RoboRally2\Cucmber_Project -Dm2e.build.project.data.socket.port=52882 -Dfile.encoding=UTF-8 -XX:+ShowCodeDetailsInExceptionMessages 
java_command: org.codehaus.plexus.classworlds.launcher.Launcher -B -Dstyle.color=always test
java_class_path (initial): C:\Users\mejse\eclipse-java-2022-12-R-win32-x86_64\eclipse\plugins\org.eclipse.m2e.maven.runtime_3.8.604.20221130-2149\jars\plexus-classworlds-2.6.0.jar
Launcher Type: SUN_STANDARD

[Global flags]
     intx CICompilerCount                          = 4                                         {product} {ergonomic}
     uint ConcGCThreads                            = 2                                         {product} {ergonomic}
     uint G1ConcRefinementThreads                  = 8                                         {product} {ergonomic}
   size_t G1HeapRegionSize                         = 2097152                                   {product} {ergonomic}
    uintx GCDrainStackTargetSize                   = 64                                        {product} {ergonomic}
   size_t InitialHeapSize                          = 257949696                                 {product} {ergonomic}
   size_t MarkStackSize                            = 4194304                                   {product} {ergonomic}
   size_t MaxHeapSize                              = 4127195136                                {product} {ergonomic}
   size_t MaxNewSize                               = 2474639360                                {product} {ergonomic}
   size_t MinHeapDeltaBytes                        = 2097152                                   {product} {ergonomic}
   size_t MinHeapSize                              = 8388608                                   {product} {ergonomic}
    uintx NonNMethodCodeHeapSize                   = 5839372                                {pd product} {ergonomic}
    uintx NonProfiledCodeHeapSize                  = 122909434                              {pd product} {ergonomic}
    uintx ProfiledCodeHeapSize                     = 122909434                              {pd product} {ergonomic}
    uintx ReservedCodeCacheSize                    = 251658240                              {pd product} {ergonomic}
     bool SegmentedCodeCache                       = true                                      {product} {ergonomic}
     bool ShowCodeDetailsInExceptionMessages       = true                                   {manageable} {command line}
   size_t SoftMaxHeapSize                          = 4127195136                             {manageable} {ergonomic}
     bool UseCompressedClassPointers               = true                           {product lp64_product} {ergonomic}
     bool UseCompressedOops                        = true                           {product lp64_product} {ergonomic}
     bool UseG1GC                                  = true                                      {product} {ergonomic}
     bool UseLargePagesIndividualAllocation        = false                                  {pd product} {ergonomic}

Logging:
Log output configuration:
 #0: stdout all=warning uptime,level,tags
 #1: stderr all=off uptime,level,tags

Environment Variables:
PATH=C:/Users/mejse/eclipse-java-2022-12-R-win32-x86_64/eclipse//plugins/org.eclipse.justj.openjdk.hotspot.jre.full.win32.x86_64_17.0.6.v20230204-1729/jre/bin/server;C:/Users/mejse/eclipse-java-2022-12-R-win32-x86_64/eclipse//plugins/org.eclipse.justj.openjdk.hotspot.jre.full.win32.x86_64_17.0.6.v20230204-1729/jre/bin;C:\Program Files (x86)\NVIDIA Corporation\PhysX\Common;C:\Program Files\Common Files\Oracle\Java\javapath;C:\Program Files (x86)\Common Files\Oracle\Java\javapath;C:\Program Files\MATLAB\R2021a\bin;C:\Program Files\MATLAB\R2021a\bin\win64;C:\WINDOWS\system32;C:\WINDOWS;C:\WINDOWS\System32\Wbem;C:\WINDOWS\System32\WindowsPowerShell\v1.0\;C:\WINDOWS\System32\OpenSSH\;C:\Program Files\Common Files\Autodesk Shared\;C:\Program Files\Microsoft SQL Server\120\Tools\Binn\;C:\Users\mejse\AppData\Local\Microsoft\WindowsApps;C:\Program Files\JetBrains\PyCharm Community Edition 2022.1.1\bin;C:\WINDOWS\system32;C:\WINDOWS;C:\WINDOWS\System32\Wbem;C:\WINDOWS\System32\WindowsPowerShell\v1.0\;C:\WINDOWS\System32\OpenSSH\;C:\Program Files\Microsoft SQL Server\Client SDK\ODBC\170\Tools\Binn\;C:\Program Files (x86)\Microsoft SQL Server\150\Tools\Binn\;C:\Program Files\Microsoft SQL Server\150\Tools\Binn\;C:\Program Files\Microsoft SQL Server\150\DTS\Binn\;C:\Program Files (x86)\Windows Kits\8.1\Windows Performance Toolkit\;C:\Users\mejse\.pyenv\pyenv-win\bin;C:\Users\mejse\.pyenv\pyenv-win\shims; C:\Program Files\Java\jdk-19.0.2\bin;C:\Users\mejse\AppData\Local\GitHubDesktop\bin;C:\Users\mejse\eclipse-java-2022-12-R-win32-x86_64\eclipse;
USERNAME=mejse
OS=Windows_NT
PROCESSOR_IDENTIFIER=AMD64 Family 23 Model 96 Stepping 1, AuthenticAMD
TMP=C:\Users\mejse\AppData\Local\Temp
TEMP=C:\Users\mejse\AppData\Local\Temp



---------------  S Y S T E M  ---------------

OS:
 Windows 11 , 64 bit Build 22621 (10.0.22621.1344)
OS uptime: 1 days 3:40 hours

CPU: total 8 (initial active 8) (8 cores per cpu, 1 threads per core) family 23 model 96 stepping 1 microcode 0x0, cx8, cmov, fxsr, mmx, 3dnowpref, sse, sse2, sse3, ssse3, sse4a, sse4.1, sse4.2, popcnt, lzcnt, tsc, tscinvbit, avx, avx2, aes, clmul, bmi1, bmi2, adx, sha, fma, vzeroupper, clflush, clflushopt

Memory: 4k page, system-wide physical 15741M (7572M free)
TotalPageFile size 16765M (AvailPageFile size 5864M)
current process WorkingSet (physical memory assigned to process): 232M, peak: 345M
current process commit charge ("private bytes"): 288M, peak: 407M

vm_info: OpenJDK 64-Bit Server VM (17.0.6+10) for windows-amd64 JRE (17.0.6+10), built on Jan 18 2023 10:08:59 by "temurin" with MS VC++ 16.7 (VS2019)

END.
